0 info it worked if it ends with ok
1 verbose cli [ '/usr/local/Cellar/node/7.3.0/bin/node',
1 verbose cli   '/usr/local/bin/npm',
1 verbose cli   'run',
1 verbose cli   'tsc:w' ]
2 info using npm@4.1.1
3 info using node@v7.3.0
4 verbose run-script [ 'pretsc:w', 'tsc:w', 'posttsc:w' ]
5 info lifecycle angular-neural-networks@0.0.1~pretsc:w: angular-neural-networks@0.0.1
6 silly lifecycle angular-neural-networks@0.0.1~pretsc:w: no script for pretsc:w, continuing
7 info lifecycle angular-neural-networks@0.0.1~tsc:w: angular-neural-networks@0.0.1
8 verbose lifecycle angular-neural-networks@0.0.1~tsc:w: unsafe-perm in lifecycle true
9 verbose lifecycle angular-neural-networks@0.0.1~tsc:w: PATH: /usr/local/lib/node_modules/npm/bin/node-gyp-bin:/Users/paulkristoff/dev/neural-networks/node_modules/.bin:/usr/local/lib/node_modules/npm/bin/node-gyp-bin:/Users/paulkristoff/dev/neural-networks/node_modules/.bin:/Users/paulkristoff/.rbenv/shims:/usr/local/bin:/usr/bin:/bin:/usr/sbin:/sbin
10 verbose lifecycle angular-neural-networks@0.0.1~tsc:w: CWD: /Users/paulkristoff/dev/neural-networks
11 silly lifecycle angular-neural-networks@0.0.1~tsc:w: Args: [ '-c', 'tsc -w' ]
12 info lifecycle angular-neural-networks@0.0.1~tsc:w: Failed to exec tsc:w script
13 verbose stack Error: angular-neural-networks@0.0.1 tsc:w: `tsc -w`
13 verbose stack spawn ENOENT
13 verbose stack     at ChildProcess.<anonymous> (/usr/local/lib/node_modules/npm/lib/utils/spawn.js:33:16)
13 verbose stack     at emitTwo (events.js:106:13)
13 verbose stack     at ChildProcess.emit (events.js:191:7)
13 verbose stack     at maybeClose (internal/child_process.js:885:16)
13 verbose stack     at Process.ChildProcess._handle.onexit (internal/child_process.js:226:5)
14 verbose pkgid angular-neural-networks@0.0.1
15 verbose cwd /Users/paulkristoff/dev/neural-networks
16 error Darwin 16.3.0
17 error argv "/usr/local/Cellar/node/7.3.0/bin/node" "/usr/local/bin/npm" "run" "tsc:w"
18 error node v7.3.0
19 error npm  v4.1.1
20 error file sh
21 error code ELIFECYCLE
22 error errno ENOENT
23 error syscall spawn
24 error angular-neural-networks@0.0.1 tsc:w: `tsc -w`
24 error spawn ENOENT
25 error Failed at the angular-neural-networks@0.0.1 tsc:w script 'tsc -w'.
25 error Make sure you have the latest version of node.js and npm installed.
25 error If you do, this is most likely a problem with the angular-neural-networks package,
25 error not with npm itself.
25 error Tell the author that this fails on your system:
25 error     tsc -w
25 error You can get information on how to open an issue for this project with:
25 error     npm bugs angular-neural-networks
25 error Or if that isn't available, you can get their info via:
25 error     npm owner ls angular-neural-networks
25 error There is likely additional logging output above.
26 verbose exit [ 1, true ]
